<?xml version="1.0" encoding="UTF-8"?>
<testng-results ignored="0" total="1" passed="1" failed="0" skipped="0">
  <reporter-output>
  </reporter-output>
  <suite started-at="2021-11-05T06:00:30Z" name="Admin Suite" finished-at="2021-11-05T06:00:30Z" duration-ms="58">
    <groups>
    </groups>
    <test started-at="2021-11-05T06:00:30Z" name="Admin Test Cases" finished-at="2021-11-05T06:00:30Z" duration-ms="58">
      <class name="com.sailotech.CreateDoctor">
        <test-method signature="test_login()[pri:0, instance:com.sailotech.CreateDoctor@73a1e9a9]" started-at="2021-11-05T06:00:30Z" name="test_login" finished-at="2021-11-05T06:00:30Z" duration-ms="11" status="PASS">
          <reporter-output>
          </reporter-output>
        </test-method> <!-- test_login -->
      </class> <!-- com.sailotech.CreateDoctor -->
    </test> <!-- Admin Test Cases -->
  </suite> <!-- Admin Suite -->
</testng-results>
